Determining if files usbhid.h exist failed with the following output:
Change Dir: /home/jbud/jdrive/jstuff/work/personal/gfx_fun/src/glsdk/freeglut/CMakeFiles/CMakeTmp

Run Build Command:/usr/bin/make "cmTryCompileExec/fast"
/usr/bin/make -f CMakeFiles/cmTryCompileExec.dir/build.make CMakeFiles/cmTryCompileExec.dir/build
make[1]: Entering directory `/home/jbud/jdrive/jstuff/work/personal/gfx_fun/src/glsdk/freeglut/CMakeFiles/CMakeTmp'
/usr/bin/cmake -E cmake_progress_report /home/jbud/jdrive/jstuff/work/personal/gfx_fun/src/glsdk/freeglut/CMakeFiles/CMakeTmp/CMakeFiles 1
Building C object CMakeFiles/cmTryCompileExec.dir/CheckIncludeFiles.c.o
/usr/bin/gcc   -Wall     -o CMakeFiles/cmTryCompileExec.dir/CheckIncludeFiles.c.o   -c /home/jbud/jdrive/jstuff/work/personal/gfx_fun/src/glsdk/freeglut/CMakeFiles/CMakeTmp/CheckIncludeFiles.c
/home/jbud/jdrive/jstuff/work/personal/gfx_fun/src/glsdk/freeglut/CMakeFiles/CMakeTmp/CheckIncludeFiles.c:2:20: fatal error: usbhid.h: No such file or directory
compilation terminated.
make[1]: *** [CMakeFiles/cmTryCompileExec.dir/CheckIncludeFiles.c.o] Error 1
make[1]: Leaving directory `/home/jbud/jdrive/jstuff/work/personal/gfx_fun/src/glsdk/freeglut/CMakeFiles/CMakeTmp'
make: *** [cmTryCompileExec/fast] Error 2

Source:
/* */
#include <usbhid.h>


int main(){return 0;}

Determining if the function _doprnt exists failed with the following output:
Change Dir: /home/jbud/jdrive/jstuff/work/personal/gfx_fun/src/glsdk/freeglut/CMakeFiles/CMakeTmp

Run Build Command:/usr/bin/make "cmTryCompileExec/fast"
/usr/bin/make -f CMakeFiles/cmTryCompileExec.dir/build.make CMakeFiles/cmTryCompileExec.dir/build
make[1]: Entering directory `/home/jbud/jdrive/jstuff/work/personal/gfx_fun/src/glsdk/freeglut/CMakeFiles/CMakeTmp'
/usr/bin/cmake -E cmake_progress_report /home/jbud/jdrive/jstuff/work/personal/gfx_fun/src/glsdk/freeglut/CMakeFiles/CMakeTmp/CMakeFiles 1
Building C object CMakeFiles/cmTryCompileExec.dir/CheckFunctionExists.c.o
/usr/bin/gcc   -Wall  -DCHECK_FUNCTION_EXISTS=_doprnt   -o CMakeFiles/cmTryCompileExec.dir/CheckFunctionExists.c.o   -c /usr/share/cmake-2.8/Modules/CheckFunctionExists.c
Linking C executable cmTryCompileExec
/usr/bin/cmake -E cmake_link_script CMakeFiles/cmTryCompileExec.dir/link.txt --verbose=1
/usr/bin/gcc    -Wall  -DCHECK_FUNCTION_EXISTS=_doprnt    CMakeFiles/cmTryCompileExec.dir/CheckFunctionExists.c.o  -o cmTryCompileExec -rdynamic -lm 
CMakeFiles/cmTryCompileExec.dir/CheckFunctionExists.c.o: In function `main':
CheckFunctionExists.c:(.text+0x7): undefined reference to `_doprnt'
collect2: ld returned 1 exit status
make[1]: *** [cmTryCompileExec] Error 1
make[1]: Leaving directory `/home/jbud/jdrive/jstuff/work/personal/gfx_fun/src/glsdk/freeglut/CMakeFiles/CMakeTmp'
make: *** [cmTryCompileExec/fast] Error 2


Determining if the function XParseGeometry exists failed with the following output:
Change Dir: /home/jbud/jdrive/jstuff/work/personal/gfx_fun/src/glsdk/freeglut/CMakeFiles/CMakeTmp

Run Build Command:/usr/bin/make "cmTryCompileExec/fast"
/usr/bin/make -f CMakeFiles/cmTryCompileExec.dir/build.make CMakeFiles/cmTryCompileExec.dir/build
make[1]: Entering directory `/home/jbud/jdrive/jstuff/work/personal/gfx_fun/src/glsdk/freeglut/CMakeFiles/CMakeTmp'
/usr/bin/cmake -E cmake_progress_report /home/jbud/jdrive/jstuff/work/personal/gfx_fun/src/glsdk/freeglut/CMakeFiles/CMakeTmp/CMakeFiles 1
Building C object CMakeFiles/cmTryCompileExec.dir/CheckFunctionExists.c.o
/usr/bin/gcc   -Wall  -DCHECK_FUNCTION_EXISTS=XParseGeometry   -o CMakeFiles/cmTryCompileExec.dir/CheckFunctionExists.c.o   -c /usr/share/cmake-2.8/Modules/CheckFunctionExists.c
Linking C executable cmTryCompileExec
/usr/bin/cmake -E cmake_link_script CMakeFiles/cmTryCompileExec.dir/link.txt --verbose=1
/usr/bin/gcc    -Wall  -DCHECK_FUNCTION_EXISTS=XParseGeometry    CMakeFiles/cmTryCompileExec.dir/CheckFunctionExists.c.o  -o cmTryCompileExec -rdynamic -lm 
CMakeFiles/cmTryCompileExec.dir/CheckFunctionExists.c.o: In function `main':
CheckFunctionExists.c:(.text+0x7): undefined reference to `XParseGeometry'
collect2: ld returned 1 exit status
make[1]: *** [cmTryCompileExec] Error 1
make[1]: Leaving directory `/home/jbud/jdrive/jstuff/work/personal/gfx_fun/src/glsdk/freeglut/CMakeFiles/CMakeTmp'
make: *** [cmTryCompileExec/fast] Error 2


